Arguments: 
  C:\Program Files\nodejs\node.exe C:\Users\A$HISH\AppData\Roaming\npm\node_modules\yarn\bin\yarn.js add cors

PATH: 
  C:\ProgramData\Oracle\Java\javapath;C:\Program Files (x86)\Intel\iCLS Client\;C:\Program Files\Intel\iCLS Client\;C:\Program Files (x86)\NVIDIA Corporation\PhysX\Common;C:\Windows\system32;C:\Windows;C:\Windows\System32\Wbem;C:\Windows\System32\WindowsPowerShell\v1.0\;C:\Program Files\Hewlett-Packard\SimplePass\;C:\Program Files\Intel\Intel(R) Management Engine Components\DAL;C:\Program Files (x86)\Intel\Intel(R) Management Engine Components\DAL;C:\Program Files\Intel\Intel(R) Management Engine Components\IPT;C:\Program Files (x86)\Intel\Intel(R) Management Engine Components\IPTC:\Program Files\Java\jdk1.8.0_121\bin;C:\Program Files\Git\cmd;C:\Program Files\nodejs\;C:\Program Files\MongoDB\Server\3.6\bin;C:\Users\A$HISH\AppData\Local\Programs\Microsoft VS Code\bin;C:\Program Files\heroku\bin;C:\Users\A$HISH\development\sdks\flutter\bin;C:\Users\A$HISH\AppData\Local\Android\Sdk\platform-tools;C:\Users\A$HISH\AppData\Roaming\npm

Yarn version: 
  1.22.15

Node version: 
  16.14.1

Platform: 
  win32 x64

Trace: 
  Error: EPERM: operation not permitted, unlink 'E:\NodeJs\aurum_BE\node_modules\bcrypt\lib\binding\napi-v3\bcrypt_lib.node'

npm manifest: 
  {
    "name": "aurum_be",
    "version": "1.0.0",
    "description": "",
    "main": "index.js",
    "scripts": {
      "test": "echo \"Error: no test specified\" && exit 1"
    },
    "author": "Ashish",
    "license": "ISC",
    "dependencies": {
      "bcrypt": "^5.0.1",
      "dotenv": "^16.0.0",
      "express": "^4.17.3",
      "joi": "^17.6.0",
      "jsonwebtoken": "^8.5.1",
      "lodash": "^4.17.21",
      "mongoose": "^6.2.10"
    }
  }

yarn manifest: 
  No manifest

Lockfile: 
  No lockfile
